<?xml version="1.0" encoding="UTF-8"?>
<!-- Generated by org.testng.reporters.JUnitXMLReporter -->
<testsuite hostname="DESKTOP-B7ELS4L" ignored="0" name="Default test" tests="4" failures="0" timestamp="24 Nov 2022 21:14:00 GMT" time="6.781" errors="0">
  <testcase name="createOneProduct" time="3.995" classname="testCases.DeleteOneProductAdvance"/>
  <testcase name="readAllProducts" time="1.836" classname="testCases.DeleteOneProductAdvance"/>
  <testcase name="deleteOneProduct" time="0.44" classname="testCases.DeleteOneProductAdvance"/>
  <testcase name="readOneDeletedProduct" time="0.467" classname="testCases.DeleteOneProductAdvance"/>
</testsuite> <!-- Default test -->
