<?xml version="1.0" encoding="UTF-8"?>
<testng-results skipped="0" failed="0" ignored="0" total="4" passed="4">
  <reporter-output>
  </reporter-output>
  <suite name="Default suite" duration-ms="6781" started-at="2022-11-24T21:13:53Z" finished-at="2022-11-24T21:14:00Z">
    <groups>
    </groups>
    <test name="Default test" duration-ms="6781" started-at="2022-11-24T21:13:53Z" finished-at="2022-11-24T21:14:00Z">
      <class name="testCases.DeleteOneProductAdvance">
        <test-method status="PASS" signature="createOneProduct()[pri:1, instance:testCases.DeleteOneProductAdvance@5e5792a0]" name="createOneProduct" duration-ms="3995" started-at="2022-11-24T15:13:53Z" finished-at="2022-11-24T15:13:57Z">
          <reporter-output>
          </reporter-output>
        </test-method> <!-- createOneProduct -->
        <test-method status="PASS" signature="readAllProducts()[pri:2, instance:testCases.DeleteOneProductAdvance@5e5792a0]" name="readAllProducts" duration-ms="1836" started-at="2022-11-24T15:13:57Z" finished-at="2022-11-24T15:13:59Z">
          <reporter-output>
          </reporter-output>
        </test-method> <!-- readAllProducts -->
        <test-method status="PASS" signature="deleteOneProduct()[pri:3, instance:testCases.DeleteOneProductAdvance@5e5792a0]" name="deleteOneProduct" duration-ms="440" started-at="2022-11-24T15:13:59Z" finished-at="2022-11-24T15:13:59Z">
          <reporter-output>
          </reporter-output>
        </test-method> <!-- deleteOneProduct -->
        <test-method status="PASS" signature="readOneDeletedProduct()[pri:4, instance:testCases.DeleteOneProductAdvance@5e5792a0]" name="readOneDeletedProduct" duration-ms="467" started-at="2022-11-24T15:13:59Z" finished-at="2022-11-24T15:14:00Z">
          <reporter-output>
          </reporter-output>
        </test-method> <!-- readOneDeletedProduct -->
      </class> <!-- testCases.DeleteOneProductAdvance -->
    </test> <!-- Default test -->
  </suite> <!-- Default suite -->
</testng-results>
